{"/Users/ayyildiz/.gemini/antigravity-cli/brain/42327335-02e5-47f1-8068-b0cafa36e8c9/.system_generated/worktrees/subagent-Backend-Developer-self-14c417f0/backend/app.js": {"path":"/Users/ayyildiz/.gemini/antigravity-cli/brain/42327335-02e5-47f1-8068-b0cafa36e8c9/.system_generated/worktrees/subagent-Backend-Developer-self-14c417f0/backend/app.js","statementMap":{"0":{"start":{"line":1,"column":0},"end":{"line":1,"column":27}},"1":{"start":{"line":2,"column":16},"end":{"line":2,"column":34}},"2":{"start":{"line":3,"column":13},"end":{"line":3,"column":28}},"3":{"start":{"line":4,"column":19},"end":{"line":4,"column":43}},"4":{"start":{"line":5,"column":19},"end":{"line":5,"column":44}},"5":{"start":{"line":6,"column":23},"end":{"line":6,"column":51}},"6":{"start":{"line":7,"column":20},"end":{"line":7,"column":46}},"7":{"start":{"line":8,"column":24},"end":{"line":8,"column":55}},"8":{"start":{"line":10,"column":12},"end":{"line":10,"column":21}},"9":{"start":{"line":12,"column":0},"end":{"line":12,"column":16}},"10":{"start":{"line":13,"column":0},"end":{"line":13,"column":24}},"11":{"start":{"line":15,"column":0},"end":{"line":15,"column":36}},"12":{"start":{"line":16,"column":0},"end":{"line":16,"column":42}},"13":{"start":{"line":17,"column":0},"end":{"line":17,"column":44}},"14":{"start":{"line":18,"column":0},"end":{"line":18,"column":39}},"15":{"start":{"line":19,"column":0},"end":{"line":19,"column":48}},"16":{"start":{"line":21,"column":0},"end":{"line":24,"column":3}},"17":{"start":{"line":22,"column":2},"end":{"line":22,"column":27}},"18":{"start":{"line":23,"column":2},"end":{"line":23,"column":54}},"19":{"start":{"line":26,"column":0},"end":{"line":26,"column":21}}},"fnMap":{"0":{"name":"(anonymous_0)","decl":{"start":{"line":21,"column":8},"end":{"line":21,"column":9}},"loc":{"start":{"line":21,"column":33},"end":{"line":24,"column":1}},"line":21}},"branchMap":{},"s":{"0":1,"1":1,"2":1,"3":1,"4":1,"5":1,"6":1,"7":1,"8":1,"9":1,"10":1,"11":1,"12":1,"13":1,"14":1,"15":1,"16":1,"17":0,"18":0,"19":1},"f":{"0":0},"b":{},"_coverageSchema":"1a1c01bbd47fc00a2c39e90264f33305004495a9","hash":"8fb5f071bfed94ed5b888a558fa813e388f858e9"}
,"/Users/ayyildiz/.gemini/antigravity-cli/brain/42327335-02e5-47f1-8068-b0cafa36e8c9/.system_generated/worktrees/subagent-Backend-Developer-self-14c417f0/backend/routes/auth.js": {"path":"/Users/ayyildiz/.gemini/antigravity-cli/brain/42327335-02e5-47f1-8068-b0cafa36e8c9/.system_generated/worktrees/subagent-Backend-Developer-self-14c417f0/backend/routes/auth.js","statementMap":{"0":{"start":{"line":1,"column":16},"end":{"line":1,"column":34}},"1":{"start":{"line":2,"column":15},"end":{"line":2,"column":31}},"2":{"start":{"line":3,"column":15},"end":{"line":3,"column":32}},"3":{"start":{"line":4,"column":12},"end":{"line":4,"column":35}},"4":{"start":{"line":5,"column":15},"end":{"line":5,"column":37}},"5":{"start":{"line":7,"column":19},"end":{"line":7,"column":67}},"6":{"start":{"line":10,"column":0},"end":{"line":46,"column":3}},"7":{"start":{"line":11,"column":2},"end":{"line":45,"column":3}},"8":{"start":{"line":12,"column":38},"end":{"line":12,"column":46}},"9":{"start":{"line":14,"column":4},"end":{"line":16,"column":5}},"10":{"start":{"line":15,"column":6},"end":{"line":15,"column":80}},"11":{"start":{"line":18,"column":23},"end":{"line":18,"column":43}},"12":{"start":{"line":19,"column":21},"end":{"line":19,"column":66}},"13":{"start":{"line":22,"column":20},"end":{"line":22,"column":70}},"14":{"start":{"line":23,"column":21},"end":{"line":23,"column":40}},"15":{"start":{"line":25,"column":4},"end":{"line":27,"column":5}},"16":{"start":{"line":26,"column":6},"end":{"line":26,"column":68}},"17":{"start":{"line":29,"column":26},"end":{"line":29,"column":57}},"18":{"start":{"line":31,"column":20},"end":{"line":36,"column":5}},"19":{"start":{"line":38,"column":19},"end":{"line":38,"column":60}},"20":{"start":{"line":40,"column":4},"end":{"line":40,"column":86}},"21":{"start":{"line":43,"column":4},"end":{"line":43,"column":47}},"22":{"start":{"line":44,"column":4},"end":{"line":44,"column":61}},"23":{"start":{"line":49,"column":0},"end":{"line":84,"column":3}},"24":{"start":{"line":50,"column":2},"end":{"line":83,"column":3}},"25":{"start":{"line":51,"column":32},"end":{"line":51,"column":40}},"26":{"start":{"line":53,"column":4},"end":{"line":55,"column":5}},"27":{"start":{"line":54,"column":6},"end":{"line":54,"column":80}},"28":{"start":{"line":57,"column":20},"end":{"line":57,"column":70}},"29":{"start":{"line":58,"column":21},"end":{"line":58,"column":40}},"30":{"start":{"line":60,"column":4},"end":{"line":62,"column":5}},"31":{"start":{"line":61,"column":6},"end":{"line":61,"column":74}},"32":{"start":{"line":64,"column":20},"end":{"line":64,"column":36}},"33":{"start":{"line":65,"column":17},"end":{"line":65,"column":31}},"34":{"start":{"line":67,"column":20},"end":{"line":67,"column":70}},"35":{"start":{"line":68,"column":4},"end":{"line":70,"column":5}},"36":{"start":{"line":69,"column":6},"end":{"line":69,"column":74}},"37":{"start":{"line":72,"column":18},"end":{"line":76,"column":5}},"38":{"start":{"line":78,"column":4},"end":{"line":78,"column":65}},"39":{"start":{"line":81,"column":4},"end":{"line":81,"column":44}},"40":{"start":{"line":82,"column":4},"end":{"line":82,"column":61}},"41":{"start":{"line":86,"column":0},"end":{"line":86,"column":24}}},"fnMap":{"0":{"name":"(anonymous_0)","decl":{"start":{"line":10,"column":25},"end":{"line":10,"column":26}},"loc":{"start":{"line":10,"column":45},"end":{"line":46,"column":1}},"line":10},"1":{"name":"(anonymous_1)","decl":{"start":{"line":49,"column":22},"end":{"line":49,"column":23}},"loc":{"start":{"line":49,"column":42},"end":{"line":84,"column":1}},"line":49}},"branchMap":{"0":{"loc":{"start":{"line":7,"column":19},"end":{"line":7,"column":67}},"type":"binary-expr","locations":[{"start":{"line":7,"column":19},"end":{"line":7,"column":41}},{"start":{"line":7,"column":45},"end":{"line":7,"column":67}}],"line":7},"1":{"loc":{"start":{"line":14,"column":4},"end":{"line":16,"column":5}},"type":"if","locations":[{"start":{"line":14,"column":4},"end":{"line":16,"column":5}},{"start":{},"end":{}}],"line":14},"2":{"loc":{"start":{"line":14,"column":8},"end":{"line":14,"column":27}},"type":"binary-expr","locations":[{"start":{"line":14,"column":8},"end":{"line":14,"column":14}},{"start":{"line":14,"column":18},"end":{"line":14,"column":27}}],"line":14},"3":{"loc":{"start":{"line":19,"column":21},"end":{"line":19,"column":66}},"type":"cond-expr","locations":[{"start":{"line":19,"column":49},"end":{"line":19,"column":53}},{"start":{"line":19,"column":56},"end":{"line":19,"column":66}}],"line":19},"4":{"loc":{"start":{"line":25,"column":4},"end":{"line":27,"column":5}},"type":"if","locations":[{"start":{"line":25,"column":4},"end":{"line":27,"column":5}},{"start":{},"end":{}}],"line":25},"5":{"loc":{"start":{"line":53,"column":4},"end":{"line":55,"column":5}},"type":"if","locations":[{"start":{"line":53,"column":4},"end":{"line":55,"column":5}},{"start":{},"end":{}}],"line":53},"6":{"loc":{"start":{"line":53,"column":8},"end":{"line":53,"column":27}},"type":"binary-expr","locations":[{"start":{"line":53,"column":8},"end":{"line":53,"column":14}},{"start":{"line":53,"column":18},"end":{"line":53,"column":27}}],"line":53},"7":{"loc":{"start":{"line":60,"column":4},"end":{"line":62,"column":5}},"type":"if","locations":[{"start":{"line":60,"column":4},"end":{"line":62,"column":5}},{"start":{},"end":{}}],"line":60},"8":{"loc":{"start":{"line":68,"column":4},"end":{"line":70,"column":5}},"type":"if","locations":[{"start":{"line":68,"column":4},"end":{"line":70,"column":5}},{"start":{},"end":{}}],"line":68}},"s":{"0":1,"1":1,"2":1,"3":1,"4":1,"5":1,"6":1,"7":0,"8":0,"9":0,"10":0,"11":0,"12":0,"13":0,"14":0,"15":0,"16":0,"17":0,"18":0,"19":0,"20":0,"21":0,"22":0,"23":1,"24":0,"25":0,"26":0,"27":0,"28":0,"29":0,"30":0,"31":0,"32":0,"33":0,"34":0,"35":0,"36":0,"37":0,"38":0,"39":0,"40":0,"41":1},"f":{"0":0,"1":0},"b":{"0":[1,1],"1":[0,0],"2":[0,0],"3":[0,0],"4":[0,0],"5":[0,0],"6":[0,0],"7":[0,0],"8":[0,0]},"_coverageSchema":"1a1c01bbd47fc00a2c39e90264f33305004495a9","hash":"32082ba17c26f65a92fd343ccb635346affbc6f1"}
,"/Users/ayyildiz/.gemini/antigravity-cli/brain/42327335-02e5-47f1-8068-b0cafa36e8c9/.system_generated/worktrees/subagent-Backend-Developer-self-14c417f0/backend/routes/chef_orders.js": {"path":"/Users/ayyildiz/.gemini/antigravity-cli/brain/42327335-02e5-47f1-8068-b0cafa36e8c9/.system_generated/worktrees/subagent-Backend-Developer-self-14c417f0/backend/routes/chef_orders.js","statementMap":{"0":{"start":{"line":1,"column":16},"end":{"line":1,"column":34}},"1":{"start":{"line":2,"column":15},"end":{"line":2,"column":37}},"2":{"start":{"line":3,"column":15},"end":{"line":3,"column":31}},"3":{"start":{"line":5,"column":0},"end":{"line":19,"column":3}},"4":{"start":{"line":6,"column":2},"end":{"line":18,"column":3}},"5":{"start":{"line":7,"column":23},"end":{"line":7,"column":32}},"6":{"start":{"line":8,"column":4},"end":{"line":10,"column":5}},"7":{"start":{"line":9,"column":6},"end":{"line":9,"column":85}},"8":{"start":{"line":12,"column":21},"end":{"line":12,"column":115}},"9":{"start":{"line":13,"column":17},"end":{"line":13,"column":53}},"10":{"start":{"line":13,"column":42},"end":{"line":13,"column":52}},"11":{"start":{"line":15,"column":4},"end":{"line":15,"column":68}},"12":{"start":{"line":17,"column":4},"end":{"line":17,"column":67}},"13":{"start":{"line":21,"column":0},"end":{"line":67,"column":3}},"14":{"start":{"line":22,"column":2},"end":{"line":66,"column":3}},"15":{"start":{"line":23,"column":19},"end":{"line":23,"column":29}},"16":{"start":{"line":24,"column":31},"end":{"line":24,"column":39}},"17":{"start":{"line":26,"column":4},"end":{"line":28,"column":5}},"18":{"start":{"line":27,"column":6},"end":{"line":27,"column":85}},"19":{"start":{"line":30,"column":26},"end":{"line":30,"column":76}},"20":{"start":{"line":31,"column":4},"end":{"line":33,"column":5}},"21":{"start":{"line":32,"column":6},"end":{"line":32,"column":81}},"22":{"start":{"line":35,"column":21},"end":{"line":35,"column":52}},"23":{"start":{"line":36,"column":16},"end":{"line":36,"column":36}},"24":{"start":{"line":38,"column":4},"end":{"line":40,"column":5}},"25":{"start":{"line":39,"column":6},"end":{"line":39,"column":82}},"26":{"start":{"line":42,"column":22},"end":{"line":42,"column":32}},"27":{"start":{"line":43,"column":4},"end":{"line":45,"column":5}},"28":{"start":{"line":44,"column":6},"end":{"line":44,"column":107}},"29":{"start":{"line":48,"column":26},"end":{"line":48,"column":42}},"30":{"start":{"line":49,"column":4},"end":{"line":51,"column":5}},"31":{"start":{"line":50,"column":7},"end":{"line":50,"column":109}},"32":{"start":{"line":52,"column":4},"end":{"line":54,"column":5}},"33":{"start":{"line":53,"column":7},"end":{"line":53,"column":109}},"34":{"start":{"line":56,"column":4},"end":{"line":59,"column":7}},"35":{"start":{"line":61,"column":23},"end":{"line":61,"column":43}},"36":{"start":{"line":63,"column":4},"end":{"line":63,"column":57}},"37":{"start":{"line":65,"column":4},"end":{"line":65,"column":67}},"38":{"start":{"line":69,"column":0},"end":{"line":69,"column":24}}},"fnMap":{"0":{"name":"(anonymous_0)","decl":{"start":{"line":5,"column":16},"end":{"line":5,"column":17}},"loc":{"start":{"line":5,"column":36},"end":{"line":19,"column":1}},"line":5},"1":{"name":"(anonymous_1)","decl":{"start":{"line":13,"column":35},"end":{"line":13,"column":36}},"loc":{"start":{"line":13,"column":42},"end":{"line":13,"column":52}},"line":13},"2":{"name":"(anonymous_2)","decl":{"start":{"line":21,"column":26},"end":{"line":21,"column":27}},"loc":{"start":{"line":21,"column":46},"end":{"line":67,"column":1}},"line":21}},"branchMap":{"0":{"loc":{"start":{"line":8,"column":4},"end":{"line":10,"column":5}},"type":"if","locations":[{"start":{"line":8,"column":4},"end":{"line":10,"column":5}},{"start":{},"end":{}}],"line":8},"1":{"loc":{"start":{"line":26,"column":4},"end":{"line":28,"column":5}},"type":"if","locations":[{"start":{"line":26,"column":4},"end":{"line":28,"column":5}},{"start":{},"end":{}}],"line":26},"2":{"loc":{"start":{"line":31,"column":4},"end":{"line":33,"column":5}},"type":"if","locations":[{"start":{"line":31,"column":4},"end":{"line":33,"column":5}},{"start":{},"end":{}}],"line":31},"3":{"loc":{"start":{"line":31,"column":8},"end":{"line":31,"column":50}},"type":"binary-expr","locations":[{"start":{"line":31,"column":8},"end":{"line":31,"column":15}},{"start":{"line":31,"column":19},"end":{"line":31,"column":50}}],"line":31},"4":{"loc":{"start":{"line":38,"column":4},"end":{"line":40,"column":5}},"type":"if","locations":[{"start":{"line":38,"column":4},"end":{"line":40,"column":5}},{"start":{},"end":{}}],"line":38},"5":{"loc":{"start":{"line":43,"column":4},"end":{"line":45,"column":5}},"type":"if","locations":[{"start":{"line":43,"column":4},"end":{"line":45,"column":5}},{"start":{},"end":{}}],"line":43},"6":{"loc":{"start":{"line":49,"column":4},"end":{"line":51,"column":5}},"type":"if","locations":[{"start":{"line":49,"column":4},"end":{"line":51,"column":5}},{"start":{},"end":{}}],"line":49},"7":{"loc":{"start":{"line":52,"column":4},"end":{"line":54,"column":5}},"type":"if","locations":[{"start":{"line":52,"column":4},"end":{"line":54,"column":5}},{"start":{},"end":{}}],"line":52},"8":{"loc":{"start":{"line":52,"column":8},"end":{"line":52,"column":63}},"type":"binary-expr","locations":[{"start":{"line":52,"column":8},"end":{"line":52,"column":37}},{"start":{"line":52,"column":41},"end":{"line":52,"column":63}}],"line":52}},"s":{"0":1,"1":1,"2":1,"3":1,"4":3,"5":3,"6":3,"7":1,"8":2,"9":1,"10":1,"11":1,"12":1,"13":1,"14":8,"15":8,"16":8,"17":8,"18":1,"19":7,"20":7,"21":1,"22":6,"23":6,"24":5,"25":1,"26":4,"27":4,"28":1,"29":3,"30":3,"31":1,"32":2,"33":1,"34":1,"35":1,"36":1,"37":1,"38":1},"f":{"0":3,"1":1,"2":8},"b":{"0":[1,2],"1":[1,7],"2":[1,6],"3":[7,7],"4":[1,4],"5":[1,3],"6":[1,2],"7":[1,1],"8":[2,1]},"_coverageSchema":"1a1c01bbd47fc00a2c39e90264f33305004495a9","hash":"6e0fe0240219ebc18e435c3e8ca5c32eba729ef5"}
,"/Users/ayyildiz/.gemini/antigravity-cli/brain/42327335-02e5-47f1-8068-b0cafa36e8c9/.system_generated/worktrees/subagent-Backend-Developer-self-14c417f0/backend/routes/customer.js": {"path":"/Users/ayyildiz/.gemini/antigravity-cli/brain/42327335-02e5-47f1-8068-b0cafa36e8c9/.system_generated/worktrees/subagent-Backend-Developer-self-14c417f0/backend/routes/customer.js","statementMap":{"0":{"start":{"line":1,"column":16},"end":{"line":1,"column":34}},"1":{"start":{"line":2,"column":15},"end":{"line":2,"column":37}},"2":{"start":{"line":3,"column":15},"end":{"line":3,"column":31}},"3":{"start":{"line":5,"column":0},"end":{"line":26,"column":3}},"4":{"start":{"line":6,"column":2},"end":{"line":25,"column":3}},"5":{"start":{"line":7,"column":31},"end":{"line":7,"column":40}},"6":{"start":{"line":8,"column":16},"end":{"line":8,"column":69}},"7":{"start":{"line":10,"column":4},"end":{"line":12,"column":5}},"8":{"start":{"line":11,"column":6},"end":{"line":11,"column":50}},"9":{"start":{"line":14,"column":21},"end":{"line":14,"column":38}},"10":{"start":{"line":15,"column":16},"end":{"line":15,"column":73}},"11":{"start":{"line":15,"column":42},"end":{"line":15,"column":71}},"12":{"start":{"line":17,"column":4},"end":{"line":20,"column":5}},"13":{"start":{"line":18,"column":16},"end":{"line":18,"column":36}},"14":{"start":{"line":19,"column":6},"end":{"line":19,"column":76}},"15":{"start":{"line":19,"column":32},"end":{"line":19,"column":74}},"16":{"start":{"line":22,"column":4},"end":{"line":22,"column":66}},"17":{"start":{"line":24,"column":4},"end":{"line":24,"column":67}},"18":{"start":{"line":28,"column":0},"end":{"line":104,"column":3}},"19":{"start":{"line":29,"column":2},"end":{"line":103,"column":3}},"20":{"start":{"line":30,"column":22},"end":{"line":30,"column":30}},"21":{"start":{"line":32,"column":4},"end":{"line":34,"column":5}},"22":{"start":{"line":33,"column":6},"end":{"line":33,"column":93}},"23":{"start":{"line":36,"column":4},"end":{"line":40,"column":5}},"24":{"start":{"line":37,"column":6},"end":{"line":39,"column":7}},"25":{"start":{"line":38,"column":9},"end":{"line":38,"column":87}},"26":{"start":{"line":42,"column":25},"end":{"line":42,"column":89}},"27":{"start":{"line":42,"column":43},"end":{"line":42,"column":88}},"28":{"start":{"line":43,"column":21},"end":{"line":43,"column":52}},"29":{"start":{"line":45,"column":26},"end":{"line":45,"column":28}},"30":{"start":{"line":46,"column":21},"end":{"line":46,"column":25}},"31":{"start":{"line":48,"column":4},"end":{"line":75,"column":5}},"32":{"start":{"line":48,"column":17},"end":{"line":48,"column":18}},"33":{"start":{"line":49,"column":18},"end":{"line":49,"column":29}},"34":{"start":{"line":50,"column":6},"end":{"line":52,"column":7}},"35":{"start":{"line":51,"column":8},"end":{"line":51,"column":83}},"36":{"start":{"line":54,"column":23},"end":{"line":54,"column":33}},"37":{"start":{"line":55,"column":27},"end":{"line":55,"column":44}},"38":{"start":{"line":57,"column":6},"end":{"line":65,"column":7}},"39":{"start":{"line":58,"column":8},"end":{"line":58,"column":37}},"40":{"start":{"line":59,"column":13},"end":{"line":65,"column":7}},"41":{"start":{"line":60,"column":8},"end":{"line":64,"column":11}},"42":{"start":{"line":67,"column":6},"end":{"line":69,"column":7}},"43":{"start":{"line":68,"column":8},"end":{"line":68,"column":87}},"44":{"start":{"line":71,"column":6},"end":{"line":74,"column":9}},"45":{"start":{"line":77,"column":19},"end":{"line":77,"column":20}},"46":{"start":{"line":78,"column":4},"end":{"line":80,"column":5}},"47":{"start":{"line":79,"column":6},"end":{"line":79,"column":45}},"48":{"start":{"line":82,"column":34},"end":{"line":82,"column":37}},"49":{"start":{"line":83,"column":24},"end":{"line":83,"column":66}},"50":{"start":{"line":84,"column":24},"end":{"line":84,"column":52}},"51":{"start":{"line":85,"column":18},"end":{"line":85,"column":40}},"52":{"start":{"line":86,"column":34},"end":{"line":86,"column":106}},"53":{"start":{"line":88,"column":4},"end":{"line":100,"column":7}},"54":{"start":{"line":102,"column":4},"end":{"line":102,"column":67}},"55":{"start":{"line":106,"column":0},"end":{"line":106,"column":24}}},"fnMap":{"0":{"name":"(anonymous_0)","decl":{"start":{"line":5,"column":21},"end":{"line":5,"column":22}},"loc":{"start":{"line":5,"column":41},"end":{"line":26,"column":1}},"line":5},"1":{"name":"(anonymous_1)","decl":{"start":{"line":15,"column":34},"end":{"line":15,"column":35}},"loc":{"start":{"line":15,"column":42},"end":{"line":15,"column":71}},"line":15},"2":{"name":"(anonymous_2)","decl":{"start":{"line":19,"column":27},"end":{"line":19,"column":28}},"loc":{"start":{"line":19,"column":32},"end":{"line":19,"column":74}},"line":19},"3":{"name":"(anonymous_3)","decl":{"start":{"line":28,"column":21},"end":{"line":28,"column":22}},"loc":{"start":{"line":28,"column":41},"end":{"line":104,"column":1}},"line":28},"4":{"name":"(anonymous_4)","decl":{"start":{"line":42,"column":35},"end":{"line":42,"column":36}},"loc":{"start":{"line":42,"column":43},"end":{"line":42,"column":88}},"line":42}},"branchMap":{"0":{"loc":{"start":{"line":10,"column":4},"end":{"line":12,"column":5}},"type":"if","locations":[{"start":{"line":10,"column":4},"end":{"line":12,"column":5}},{"start":{},"end":{}}],"line":10},"1":{"loc":{"start":{"line":17,"column":4},"end":{"line":20,"column":5}},"type":"if","locations":[{"start":{"line":17,"column":4},"end":{"line":20,"column":5}},{"start":{},"end":{}}],"line":17},"2":{"loc":{"start":{"line":19,"column":32},"end":{"line":19,"column":74}},"type":"binary-expr","locations":[{"start":{"line":19,"column":32},"end":{"line":19,"column":38}},{"start":{"line":19,"column":42},"end":{"line":19,"column":74}}],"line":19},"3":{"loc":{"start":{"line":32,"column":4},"end":{"line":34,"column":5}},"type":"if","locations":[{"start":{"line":32,"column":4},"end":{"line":34,"column":5}},{"start":{},"end":{}}],"line":32},"4":{"loc":{"start":{"line":32,"column":8},"end":{"line":32,"column":61}},"type":"binary-expr","locations":[{"start":{"line":32,"column":8},"end":{"line":32,"column":14}},{"start":{"line":32,"column":18},"end":{"line":32,"column":39}},{"start":{"line":32,"column":43},"end":{"line":32,"column":61}}],"line":32},"5":{"loc":{"start":{"line":37,"column":6},"end":{"line":39,"column":7}},"type":"if","locations":[{"start":{"line":37,"column":6},"end":{"line":39,"column":7}},{"start":{},"end":{}}],"line":37},"6":{"loc":{"start":{"line":37,"column":10},"end":{"line":37,"column":98}},"type":"binary-expr","locations":[{"start":{"line":37,"column":10},"end":{"line":37,"column":22}},{"start":{"line":37,"column":26},"end":{"line":37,"column":40}},{"start":{"line":37,"column":44},"end":{"line":37,"column":62}},{"start":{"line":37,"column":66},"end":{"line":37,"column":98}}],"line":37},"7":{"loc":{"start":{"line":50,"column":6},"end":{"line":52,"column":7}},"type":"if","locations":[{"start":{"line":50,"column":6},"end":{"line":52,"column":7}},{"start":{},"end":{}}],"line":50},"8":{"loc":{"start":{"line":57,"column":6},"end":{"line":65,"column":7}},"type":"if","locations":[{"start":{"line":57,"column":6},"end":{"line":65,"column":7}},{"start":{"line":59,"column":13},"end":{"line":65,"column":7}}],"line":57},"9":{"loc":{"start":{"line":59,"column":13},"end":{"line":65,"column":7}},"type":"if","locations":[{"start":{"line":59,"column":13},"end":{"line":65,"column":7}},{"start":{},"end":{}}],"line":59},"10":{"loc":{"start":{"line":67,"column":6},"end":{"line":69,"column":7}},"type":"if","locations":[{"start":{"line":67,"column":6},"end":{"line":69,"column":7}},{"start":{},"end":{}}],"line":67},"11":{"loc":{"start":{"line":83,"column":24},"end":{"line":83,"column":66}},"type":"cond-expr","locations":[{"start":{"line":83,"column":60},"end":{"line":83,"column":61}},{"start":{"line":83,"column":64},"end":{"line":83,"column":66}}],"line":83},"12":{"loc":{"start":{"line":86,"column":34},"end":{"line":86,"column":106}},"type":"cond-expr","locations":[{"start":{"line":86,"column":70},"end":{"line":86,"column":71}},{"start":{"line":86,"column":74},"end":{"line":86,"column":106}}],"line":86}},"s":{"0":1,"1":1,"2":1,"3":1,"4":0,"5":0,"6":0,"7":0,"8":0,"9":0,"10":0,"11":0,"12":0,"13":0,"14":0,"15":0,"16":0,"17":0,"18":1,"19":0,"20":0,"21":0,"22":0,"23":0,"24":0,"25":0,"26":0,"27":0,"28":0,"29":0,"30":0,"31":0,"32":0,"33":0,"34":0,"35":0,"36":0,"37":0,"38":0,"39":0,"40":0,"41":0,"42":0,"43":0,"44":0,"45":0,"46":0,"47":0,"48":0,"49":0,"50":0,"51":0,"52":0,"53":0,"54":0,"55":1},"f":{"0":0,"1":0,"2":0,"3":0,"4":0},"b":{"0":[0,0],"1":[0,0],"2":[0,0],"3":[0,0],"4":[0,0,0],"5":[0,0],"6":[0,0,0,0],"7":[0,0],"8":[0,0],"9":[0,0],"10":[0,0],"11":[0,0],"12":[0,0]},"_coverageSchema":"1a1c01bbd47fc00a2c39e90264f33305004495a9","hash":"537744307158c9526fc23061b6541d9130539eb8"}
,"/Users/ayyildiz/.gemini/antigravity-cli/brain/42327335-02e5-47f1-8068-b0cafa36e8c9/.system_generated/worktrees/subagent-Backend-Developer-self-14c417f0/backend/routes/foods.js": {"path":"/Users/ayyildiz/.gemini/antigravity-cli/brain/42327335-02e5-47f1-8068-b0cafa36e8c9/.system_generated/worktrees/subagent-Backend-Developer-self-14c417f0/backend/routes/foods.js","statementMap":{"0":{"start":{"line":1,"column":16},"end":{"line":1,"column":34}},"1":{"start":{"line":2,"column":15},"end":{"line":2,"column":31}},"2":{"start":{"line":3,"column":15},"end":{"line":3,"column":37}},"3":{"start":{"line":6,"column":0},"end":{"line":49,"column":3}},"4":{"start":{"line":7,"column":2},"end":{"line":48,"column":3}},"5":{"start":{"line":8,"column":88},"end":{"line":8,"column":96}},"6":{"start":{"line":10,"column":4},"end":{"line":12,"column":5}},"7":{"start":{"line":11,"column":6},"end":{"line":11,"column":77}},"8":{"start":{"line":14,"column":4},"end":{"line":16,"column":5}},"9":{"start":{"line":15,"column":6},"end":{"line":15,"column":94}},"10":{"start":{"line":18,"column":4},"end":{"line":20,"column":5}},"11":{"start":{"line":19,"column":6},"end":{"line":19,"column":113}},"12":{"start":{"line":22,"column":16},"end":{"line":22,"column":40}},"13":{"start":{"line":23,"column":20},"end":{"line":33,"column":5}},"14":{"start":{"line":35,"column":19},"end":{"line":35,"column":60}},"15":{"start":{"line":37,"column":4},"end":{"line":44,"column":7}},"16":{"start":{"line":46,"column":4},"end":{"line":46,"column":49}},"17":{"start":{"line":47,"column":4},"end":{"line":47,"column":67}},"18":{"start":{"line":52,"column":0},"end":{"line":76,"column":3}},"19":{"start":{"line":53,"column":2},"end":{"line":75,"column":3}},"20":{"start":{"line":54,"column":23},"end":{"line":54,"column":32}},"21":{"start":{"line":55,"column":16},"end":{"line":55,"column":38}},"22":{"start":{"line":57,"column":4},"end":{"line":59,"column":5}},"23":{"start":{"line":58,"column":6},"end":{"line":58,"column":50}},"24":{"start":{"line":61,"column":21},"end":{"line":61,"column":38}},"25":{"start":{"line":62,"column":18},"end":{"line":62,"column":20}},"26":{"start":{"line":64,"column":4},"end":{"line":69,"column":7}},"27":{"start":{"line":65,"column":6},"end":{"line":68,"column":9}},"28":{"start":{"line":71,"column":4},"end":{"line":71,"column":43}},"29":{"start":{"line":73,"column":4},"end":{"line":73,"column":50}},"30":{"start":{"line":74,"column":4},"end":{"line":74,"column":67}},"31":{"start":{"line":79,"column":0},"end":{"line":98,"column":3}},"32":{"start":{"line":80,"column":2},"end":{"line":97,"column":3}},"33":{"start":{"line":81,"column":19},"end":{"line":81,"column":60}},"34":{"start":{"line":82,"column":16},"end":{"line":82,"column":34}},"35":{"start":{"line":84,"column":4},"end":{"line":86,"column":5}},"36":{"start":{"line":85,"column":6},"end":{"line":85,"column":65}},"37":{"start":{"line":88,"column":4},"end":{"line":93,"column":7}},"38":{"start":{"line":95,"column":4},"end":{"line":95,"column":49}},"39":{"start":{"line":96,"column":4},"end":{"line":96,"column":67}},"40":{"start":{"line":101,"column":0},"end":{"line":144,"column":3}},"41":{"start":{"line":102,"column":2},"end":{"line":143,"column":3}},"42":{"start":{"line":103,"column":19},"end":{"line":103,"column":60}},"43":{"start":{"line":104,"column":16},"end":{"line":104,"column":34}},"44":{"start":{"line":106,"column":4},"end":{"line":108,"column":5}},"45":{"start":{"line":107,"column":6},"end":{"line":107,"column":65}},"46":{"start":{"line":110,"column":80},"end":{"line":110,"column":88}},"47":{"start":{"line":112,"column":4},"end":{"line":114,"column":5}},"48":{"start":{"line":113,"column":6},"end":{"line":113,"column":68}},"49":{"start":{"line":116,"column":4},"end":{"line":118,"column":5}},"50":{"start":{"line":117,"column":6},"end":{"line":117,"column":63}},"51":{"start":{"line":120,"column":4},"end":{"line":122,"column":5}},"52":{"start":{"line":121,"column":6},"end":{"line":121,"column":77}},"53":{"start":{"line":124,"column":20},"end":{"line":132,"column":5}},"54":{"start":{"line":134,"column":4},"end":{"line":134,"column":33}},"55":{"start":{"line":136,"column":4},"end":{"line":139,"column":7}},"56":{"start":{"line":141,"column":4},"end":{"line":141,"column":49}},"57":{"start":{"line":142,"column":4},"end":{"line":142,"column":67}},"58":{"start":{"line":147,"column":0},"end":{"line":165,"column":3}},"59":{"start":{"line":148,"column":2},"end":{"line":164,"column":3}},"60":{"start":{"line":149,"column":19},"end":{"line":149,"column":60}},"61":{"start":{"line":150,"column":16},"end":{"line":150,"column":34}},"62":{"start":{"line":152,"column":4},"end":{"line":154,"column":5}},"63":{"start":{"line":153,"column":6},"end":{"line":153,"column":65}},"64":{"start":{"line":156,"column":4},"end":{"line":156,"column":26}},"65":{"start":{"line":158,"column":4},"end":{"line":160,"column":7}},"66":{"start":{"line":162,"column":4},"end":{"line":162,"column":49}},"67":{"start":{"line":163,"column":4},"end":{"line":163,"column":67}},"68":{"start":{"line":167,"column":0},"end":{"line":167,"column":24}}},"fnMap":{"0":{"name":"(anonymous_0)","decl":{"start":{"line":6,"column":17},"end":{"line":6,"column":18}},"loc":{"start":{"line":6,"column":37},"end":{"line":49,"column":1}},"line":6},"1":{"name":"(anonymous_1)","decl":{"start":{"line":52,"column":16},"end":{"line":52,"column":17}},"loc":{"start":{"line":52,"column":36},"end":{"line":76,"column":1}},"line":52},"2":{"name":"(anonymous_2)","decl":{"start":{"line":64,"column":21},"end":{"line":64,"column":22}},"loc":{"start":{"line":64,"column":30},"end":{"line":69,"column":5}},"line":64},"3":{"name":"(anonymous_3)","decl":{"start":{"line":79,"column":19},"end":{"line":79,"column":20}},"loc":{"start":{"line":79,"column":39},"end":{"line":98,"column":1}},"line":79},"4":{"name":"(anonymous_4)","decl":{"start":{"line":101,"column":19},"end":{"line":101,"column":20}},"loc":{"start":{"line":101,"column":39},"end":{"line":144,"column":1}},"line":101},"5":{"name":"(anonymous_5)","decl":{"start":{"line":147,"column":22},"end":{"line":147,"column":23}},"loc":{"start":{"line":147,"column":42},"end":{"line":165,"column":1}},"line":147}},"branchMap":{"0":{"loc":{"start":{"line":10,"column":4},"end":{"line":12,"column":5}},"type":"if","locations":[{"start":{"line":10,"column":4},"end":{"line":12,"column":5}},{"start":{},"end":{}}],"line":10},"1":{"loc":{"start":{"line":10,"column":8},"end":{"line":10,"column":63}},"type":"binary-expr","locations":[{"start":{"line":10,"column":8},"end":{"line":10,"column":13}},{"start":{"line":10,"column":17},"end":{"line":10,"column":41}},{"start":{"line":10,"column":45},"end":{"line":10,"column":63}}],"line":10},"2":{"loc":{"start":{"line":14,"column":4},"end":{"line":16,"column":5}},"type":"if","locations":[{"start":{"line":14,"column":4},"end":{"line":16,"column":5}},{"start":{},"end":{}}],"line":14},"3":{"loc":{"start":{"line":14,"column":8},"end":{"line":14,"column":137}},"type":"binary-expr","locations":[{"start":{"line":14,"column":8},"end":{"line":14,"column":27}},{"start":{"line":14,"column":31},"end":{"line":14,"column":45}},{"start":{"line":14,"column":49},"end":{"line":14,"column":61}},{"start":{"line":14,"column":65},"end":{"line":14,"column":91}},{"start":{"line":14,"column":95},"end":{"line":14,"column":115}},{"start":{"line":14,"column":119},"end":{"line":14,"column":137}}],"line":14},"4":{"loc":{"start":{"line":18,"column":4},"end":{"line":20,"column":5}},"type":"if","locations":[{"start":{"line":18,"column":4},"end":{"line":20,"column":5}},{"start":{},"end":{}}],"line":18},"5":{"loc":{"start":{"line":18,"column":8},"end":{"line":18,"column":184}},"type":"binary-expr","locations":[{"start":{"line":18,"column":8},"end":{"line":18,"column":35}},{"start":{"line":18,"column":39},"end":{"line":18,"column":61}},{"start":{"line":18,"column":65},"end":{"line":18,"column":85}},{"start":{"line":18,"column":89},"end":{"line":18,"column":123}},{"start":{"line":18,"column":127},"end":{"line":18,"column":155}},{"start":{"line":18,"column":159},"end":{"line":18,"column":184}}],"line":18},"6":{"loc":{"start":{"line":25,"column":16},"end":{"line":25,"column":55}},"type":"cond-expr","locations":[{"start":{"line":25,"column":27},"end":{"line":25,"column":50}},{"start":{"line":25,"column":53},"end":{"line":25,"column":55}}],"line":25},"7":{"loc":{"start":{"line":28,"column":22},"end":{"line":28,"column":73}},"type":"cond-expr","locations":[{"start":{"line":28,"column":39},"end":{"line":28,"column":68}},{"start":{"line":28,"column":71},"end":{"line":28,"column":73}}],"line":28},"8":{"loc":{"start":{"line":29,"column":17},"end":{"line":29,"column":58}},"type":"cond-expr","locations":[{"start":{"line":29,"column":29},"end":{"line":29,"column":53}},{"start":{"line":29,"column":56},"end":{"line":29,"column":58}}],"line":29},"9":{"loc":{"start":{"line":30,"column":14},"end":{"line":30,"column":58}},"type":"binary-expr","locations":[{"start":{"line":30,"column":14},"end":{"line":30,"column":20}},{"start":{"line":30,"column":24},"end":{"line":30,"column":40}},{"start":{"line":30,"column":44},"end":{"line":30,"column":58}}],"line":30},"10":{"loc":{"start":{"line":57,"column":4},"end":{"line":59,"column":5}},"type":"if","locations":[{"start":{"line":57,"column":4},"end":{"line":59,"column":5}},{"start":{},"end":{}}],"line":57},"11":{"loc":{"start":{"line":84,"column":4},"end":{"line":86,"column":5}},"type":"if","locations":[{"start":{"line":84,"column":4},"end":{"line":86,"column":5}},{"start":{},"end":{}}],"line":84},"12":{"loc":{"start":{"line":106,"column":4},"end":{"line":108,"column":5}},"type":"if","locations":[{"start":{"line":106,"column":4},"end":{"line":108,"column":5}},{"start":{},"end":{}}],"line":106},"13":{"loc":{"start":{"line":112,"column":4},"end":{"line":114,"column":5}},"type":"if","locations":[{"start":{"line":112,"column":4},"end":{"line":114,"column":5}},{"start":{},"end":{}}],"line":112},"14":{"loc":{"start":{"line":112,"column":8},"end":{"line":112,"column":78}},"type":"binary-expr","locations":[{"start":{"line":112,"column":8},"end":{"line":112,"column":26}},{"start":{"line":112,"column":31},"end":{"line":112,"column":55}},{"start":{"line":112,"column":59},"end":{"line":112,"column":77}}],"line":112},"15":{"loc":{"start":{"line":116,"column":4},"end":{"line":118,"column":5}},"type":"if","locations":[{"start":{"line":116,"column":4},"end":{"line":118,"column":5}},{"start":{},"end":{}}],"line":116},"16":{"loc":{"start":{"line":116,"column":8},"end":{"line":116,"column":139}},"type":"binary-expr","locations":[{"start":{"line":116,"column":8},"end":{"line":116,"column":27}},{"start":{"line":116,"column":32},"end":{"line":116,"column":46}},{"start":{"line":116,"column":50},"end":{"line":116,"column":62}},{"start":{"line":116,"column":66},"end":{"line":116,"column":92}},{"start":{"line":116,"column":96},"end":{"line":116,"column":116}},{"start":{"line":116,"column":120},"end":{"line":116,"column":138}}],"line":116},"17":{"loc":{"start":{"line":120,"column":4},"end":{"line":122,"column":5}},"type":"if","locations":[{"start":{"line":120,"column":4},"end":{"line":122,"column":5}},{"start":{},"end":{}}],"line":120},"18":{"loc":{"start":{"line":120,"column":8},"end":{"line":120,"column":186}},"type":"binary-expr","locations":[{"start":{"line":120,"column":8},"end":{"line":120,"column":35}},{"start":{"line":120,"column":40},"end":{"line":120,"column":62}},{"start":{"line":120,"column":66},"end":{"line":120,"column":86}},{"start":{"line":120,"column":90},"end":{"line":120,"column":124}},{"start":{"line":120,"column":128},"end":{"line":120,"column":156}},{"start":{"line":120,"column":160},"end":{"line":120,"column":185}}],"line":120},"19":{"loc":{"start":{"line":125,"column":10},"end":{"line":125,"column":53}},"type":"binary-expr","locations":[{"start":{"line":125,"column":10},"end":{"line":125,"column":28}},{"start":{"line":125,"column":32},"end":{"line":125,"column":53}}],"line":125},"20":{"loc":{"start":{"line":126,"column":10},"end":{"line":126,"column":89}},"type":"binary-expr","locations":[{"start":{"line":126,"column":10},"end":{"line":126,"column":32}},{"start":{"line":126,"column":36},"end":{"line":126,"column":89}}],"line":126},"21":{"loc":{"start":{"line":126,"column":48},"end":{"line":126,"column":87}},"type":"cond-expr","locations":[{"start":{"line":126,"column":59},"end":{"line":126,"column":82}},{"start":{"line":126,"column":85},"end":{"line":126,"column":87}}],"line":126},"22":{"loc":{"start":{"line":127,"column":10},"end":{"line":127,"column":57}},"type":"binary-expr","locations":[{"start":{"line":127,"column":10},"end":{"line":127,"column":29}},{"start":{"line":127,"column":33},"end":{"line":127,"column":57}}],"line":127},"23":{"loc":{"start":{"line":128,"column":10},"end":{"line":128,"column":81}},"type":"binary-expr","locations":[{"start":{"line":128,"column":10},"end":{"line":128,"column":37}},{"start":{"line":128,"column":41},"end":{"line":128,"column":81}}],"line":128},"24":{"loc":{"start":{"line":129,"column":10},"end":{"line":129,"column":113}},"type":"binary-expr","locations":[{"start":{"line":129,"column":10},"end":{"line":129,"column":38}},{"start":{"line":129,"column":42},"end":{"line":129,"column":113}}],"line":129},"25":{"loc":{"start":{"line":129,"column":60},"end":{"line":129,"column":111}},"type":"cond-expr","locations":[{"start":{"line":129,"column":77},"end":{"line":129,"column":106}},{"start":{"line":129,"column":109},"end":{"line":129,"column":111}}],"line":129},"26":{"loc":{"start":{"line":130,"column":10},"end":{"line":130,"column":93}},"type":"binary-expr","locations":[{"start":{"line":130,"column":10},"end":{"line":130,"column":33}},{"start":{"line":130,"column":37},"end":{"line":130,"column":93}}],"line":130},"27":{"loc":{"start":{"line":130,"column":50},"end":{"line":130,"column":91}},"type":"cond-expr","locations":[{"start":{"line":130,"column":62},"end":{"line":130,"column":86}},{"start":{"line":130,"column":89},"end":{"line":130,"column":91}}],"line":130},"28":{"loc":{"start":{"line":152,"column":4},"end":{"line":154,"column":5}},"type":"if","locations":[{"start":{"line":152,"column":4},"end":{"line":154,"column":5}},{"start":{},"end":{}}],"line":152}},"s":{"0":1,"1":1,"2":1,"3":1,"4":0,"5":0,"6":0,"7":0,"8":0,"9":0,"10":0,"11":0,"12":0,"13":0,"14":0,"15":0,"16":0,"17":0,"18":1,"19":0,"20":0,"21":0,"22":0,"23":0,"24":0,"25":0,"26":0,"27":0,"28":0,"29":0,"30":0,"31":1,"32":0,"33":0,"34":0,"35":0,"36":0,"37":0,"38":0,"39":0,"40":1,"41":0,"42":0,"43":0,"44":0,"45":0,"46":0,"47":0,"48":0,"49":0,"50":0,"51":0,"52":0,"53":0,"54":0,"55":0,"56":0,"57":0,"58":1,"59":0,"60":0,"61":0,"62":0,"63":0,"64":0,"65":0,"66":0,"67":0,"68":1},"f":{"0":0,"1":0,"2":0,"3":0,"4":0,"5":0},"b":{"0":[0,0],"1":[0,0,0],"2":[0,0],"3":[0,0,0,0,0,0],"4":[0,0],"5":[0,0,0,0,0,0],"6":[0,0],"7":[0,0],"8":[0,0],"9":[0,0,0],"10":[0,0],"11":[0,0],"12":[0,0],"13":[0,0],"14":[0,0,0],"15":[0,0],"16":[0,0,0,0,0,0],"17":[0,0],"18":[0,0,0,0,0,0],"19":[0,0],"20":[0,0],"21":[0,0],"22":[0,0],"23":[0,0],"24":[0,0],"25":[0,0],"26":[0,0],"27":[0,0],"28":[0,0]},"_coverageSchema":"1a1c01bbd47fc00a2c39e90264f33305004495a9","hash":"0a6c9ee54a2f10eb16b557d92d620a19beec6ac9"}
,"/Users/ayyildiz/.gemini/antigravity-cli/brain/42327335-02e5-47f1-8068-b0cafa36e8c9/.system_generated/worktrees/subagent-Backend-Developer-self-14c417f0/backend/routes/orders.js": {"path":"/Users/ayyildiz/.gemini/antigravity-cli/brain/42327335-02e5-47f1-8068-b0cafa36e8c9/.system_generated/worktrees/subagent-Backend-Developer-self-14c417f0/backend/routes/orders.js","statementMap":{"0":{"start":{"line":1,"column":16},"end":{"line":1,"column":34}},"1":{"start":{"line":2,"column":15},"end":{"line":2,"column":37}},"2":{"start":{"line":3,"column":15},"end":{"line":3,"column":31}},"3":{"start":{"line":5,"column":0},"end":{"line":103,"column":3}},"4":{"start":{"line":6,"column":2},"end":{"line":102,"column":3}},"5":{"start":{"line":7,"column":34},"end":{"line":7,"column":42}},"6":{"start":{"line":9,"column":4},"end":{"line":11,"column":5}},"7":{"start":{"line":10,"column":6},"end":{"line":10,"column":89}},"8":{"start":{"line":12,"column":4},"end":{"line":14,"column":5}},"9":{"start":{"line":13,"column":6},"end":{"line":13,"column":93}},"10":{"start":{"line":16,"column":4},"end":{"line":20,"column":5}},"11":{"start":{"line":17,"column":6},"end":{"line":19,"column":7}},"12":{"start":{"line":18,"column":9},"end":{"line":18,"column":87}},"13":{"start":{"line":22,"column":25},"end":{"line":22,"column":89}},"14":{"start":{"line":22,"column":43},"end":{"line":22,"column":88}},"15":{"start":{"line":23,"column":21},"end":{"line":23,"column":52}},"16":{"start":{"line":25,"column":26},"end":{"line":25,"column":28}},"17":{"start":{"line":26,"column":21},"end":{"line":26,"column":25}},"18":{"start":{"line":28,"column":4},"end":{"line":57,"column":5}},"19":{"start":{"line":28,"column":17},"end":{"line":28,"column":18}},"20":{"start":{"line":29,"column":18},"end":{"line":29,"column":29}},"21":{"start":{"line":30,"column":6},"end":{"line":32,"column":7}},"22":{"start":{"line":31,"column":8},"end":{"line":31,"column":83}},"23":{"start":{"line":34,"column":23},"end":{"line":34,"column":33}},"24":{"start":{"line":35,"column":27},"end":{"line":35,"column":44}},"25":{"start":{"line":37,"column":6},"end":{"line":45,"column":7}},"26":{"start":{"line":38,"column":8},"end":{"line":38,"column":37}},"27":{"start":{"line":39,"column":13},"end":{"line":45,"column":7}},"28":{"start":{"line":40,"column":8},"end":{"line":44,"column":11}},"29":{"start":{"line":47,"column":6},"end":{"line":49,"column":7}},"30":{"start":{"line":48,"column":8},"end":{"line":48,"column":87}},"31":{"start":{"line":51,"column":6},"end":{"line":56,"column":9}},"32":{"start":{"line":59,"column":19},"end":{"line":59,"column":20}},"33":{"start":{"line":60,"column":4},"end":{"line":62,"column":5}},"34":{"start":{"line":61,"column":6},"end":{"line":61,"column":45}},"35":{"start":{"line":64,"column":34},"end":{"line":64,"column":37}},"36":{"start":{"line":65,"column":24},"end":{"line":65,"column":66}},"37":{"start":{"line":66,"column":24},"end":{"line":66,"column":52}},"38":{"start":{"line":67,"column":18},"end":{"line":67,"column":40}},"39":{"start":{"line":70,"column":24},"end":{"line":70,"column":53}},"40":{"start":{"line":71,"column":22},"end":{"line":83,"column":5}},"41":{"start":{"line":86,"column":18},"end":{"line":86,"column":28}},"42":{"start":{"line":87,"column":4},"end":{"line":87,"column":38}},"43":{"start":{"line":89,"column":4},"end":{"line":95,"column":5}},"44":{"start":{"line":89,"column":17},"end":{"line":89,"column":18}},"45":{"start":{"line":90,"column":22},"end":{"line":90,"column":73}},"46":{"start":{"line":93,"column":27},"end":{"line":93,"column":59}},"47":{"start":{"line":94,"column":6},"end":{"line":94,"column":89}},"48":{"start":{"line":97,"column":4},"end":{"line":97,"column":25}},"49":{"start":{"line":99,"column":4},"end":{"line":99,"column":61}},"50":{"start":{"line":101,"column":4},"end":{"line":101,"column":67}},"51":{"start":{"line":105,"column":0},"end":{"line":119,"column":3}},"52":{"start":{"line":106,"column":2},"end":{"line":118,"column":3}},"53":{"start":{"line":107,"column":27},"end":{"line":107,"column":36}},"54":{"start":{"line":108,"column":4},"end":{"line":110,"column":5}},"55":{"start":{"line":109,"column":6},"end":{"line":109,"column":89}},"56":{"start":{"line":112,"column":21},"end":{"line":112,"column":123}},"57":{"start":{"line":113,"column":17},"end":{"line":113,"column":53}},"58":{"start":{"line":113,"column":42},"end":{"line":113,"column":52}},"59":{"start":{"line":115,"column":4},"end":{"line":115,"column":68}},"60":{"start":{"line":117,"column":4},"end":{"line":117,"column":67}},"61":{"start":{"line":121,"column":0},"end":{"line":121,"column":24}}},"fnMap":{"0":{"name":"(anonymous_0)","decl":{"start":{"line":5,"column":17},"end":{"line":5,"column":18}},"loc":{"start":{"line":5,"column":37},"end":{"line":103,"column":1}},"line":5},"1":{"name":"(anonymous_1)","decl":{"start":{"line":22,"column":35},"end":{"line":22,"column":36}},"loc":{"start":{"line":22,"column":43},"end":{"line":22,"column":88}},"line":22},"2":{"name":"(anonymous_2)","decl":{"start":{"line":105,"column":16},"end":{"line":105,"column":17}},"loc":{"start":{"line":105,"column":36},"end":{"line":119,"column":1}},"line":105},"3":{"name":"(anonymous_3)","decl":{"start":{"line":113,"column":35},"end":{"line":113,"column":36}},"loc":{"start":{"line":113,"column":42},"end":{"line":113,"column":52}},"line":113}},"branchMap":{"0":{"loc":{"start":{"line":9,"column":4},"end":{"line":11,"column":5}},"type":"if","locations":[{"start":{"line":9,"column":4},"end":{"line":11,"column":5}},{"start":{},"end":{}}],"line":9},"1":{"loc":{"start":{"line":12,"column":4},"end":{"line":14,"column":5}},"type":"if","locations":[{"start":{"line":12,"column":4},"end":{"line":14,"column":5}},{"start":{},"end":{}}],"line":12},"2":{"loc":{"start":{"line":12,"column":8},"end":{"line":12,"column":61}},"type":"binary-expr","locations":[{"start":{"line":12,"column":8},"end":{"line":12,"column":14}},{"start":{"line":12,"column":18},"end":{"line":12,"column":39}},{"start":{"line":12,"column":43},"end":{"line":12,"column":61}}],"line":12},"3":{"loc":{"start":{"line":17,"column":6},"end":{"line":19,"column":7}},"type":"if","locations":[{"start":{"line":17,"column":6},"end":{"line":19,"column":7}},{"start":{},"end":{}}],"line":17},"4":{"loc":{"start":{"line":17,"column":10},"end":{"line":17,"column":98}},"type":"binary-expr","locations":[{"start":{"line":17,"column":10},"end":{"line":17,"column":22}},{"start":{"line":17,"column":26},"end":{"line":17,"column":40}},{"start":{"line":17,"column":44},"end":{"line":17,"column":62}},{"start":{"line":17,"column":66},"end":{"line":17,"column":98}}],"line":17},"5":{"loc":{"start":{"line":30,"column":6},"end":{"line":32,"column":7}},"type":"if","locations":[{"start":{"line":30,"column":6},"end":{"line":32,"column":7}},{"start":{},"end":{}}],"line":30},"6":{"loc":{"start":{"line":37,"column":6},"end":{"line":45,"column":7}},"type":"if","locations":[{"start":{"line":37,"column":6},"end":{"line":45,"column":7}},{"start":{"line":39,"column":13},"end":{"line":45,"column":7}}],"line":37},"7":{"loc":{"start":{"line":39,"column":13},"end":{"line":45,"column":7}},"type":"if","locations":[{"start":{"line":39,"column":13},"end":{"line":45,"column":7}},{"start":{},"end":{}}],"line":39},"8":{"loc":{"start":{"line":47,"column":6},"end":{"line":49,"column":7}},"type":"if","locations":[{"start":{"line":47,"column":6},"end":{"line":49,"column":7}},{"start":{},"end":{}}],"line":47},"9":{"loc":{"start":{"line":65,"column":24},"end":{"line":65,"column":66}},"type":"cond-expr","locations":[{"start":{"line":65,"column":60},"end":{"line":65,"column":61}},{"start":{"line":65,"column":64},"end":{"line":65,"column":66}}],"line":65},"10":{"loc":{"start":{"line":108,"column":4},"end":{"line":110,"column":5}},"type":"if","locations":[{"start":{"line":108,"column":4},"end":{"line":110,"column":5}},{"start":{},"end":{}}],"line":108}},"s":{"0":1,"1":1,"2":1,"3":1,"4":9,"5":9,"6":9,"7":1,"8":8,"9":1,"10":7,"11":8,"12":1,"13":6,"14":7,"15":6,"16":5,"17":5,"18":5,"19":5,"20":6,"21":6,"22":1,"23":5,"24":5,"25":5,"26":4,"27":1,"28":1,"29":4,"30":1,"31":3,"32":2,"33":2,"34":2,"35":2,"36":2,"37":2,"38":2,"39":2,"40":2,"41":2,"42":2,"43":2,"44":2,"45":2,"46":2,"47":2,"48":2,"49":2,"50":1,"51":1,"52":3,"53":3,"54":3,"55":1,"56":2,"57":1,"58":1,"59":1,"60":1,"61":1},"f":{"0":9,"1":7,"2":3,"3":1},"b":{"0":[1,8],"1":[1,7],"2":[8,8,8],"3":[1,7],"4":[8,8,7,7],"5":[1,5],"6":[4,1],"7":[1,0],"8":[1,3],"9":[1,1],"10":[1,2]},"_coverageSchema":"1a1c01bbd47fc00a2c39e90264f33305004495a9","hash":"9a0f88baf8e51cdf7eb538a3b44a6181962588b2"}
}
