TN:
SF:app.js
FN:21,(anonymous_0)
FNF:1
FNH:0
FNDA:0,(anonymous_0)
DA:1,1
DA:2,1
DA:3,1
DA:4,1
DA:5,1
DA:6,1
DA:7,1
DA:8,1
DA:10,1
DA:12,1
DA:13,1
DA:15,1
DA:16,1
DA:17,1
DA:18,1
DA:19,1
DA:21,1
DA:22,0
DA:23,0
DA:26,1
LF:20
LH:18
BRF:0
BRH:0
end_of_record
TN:
SF:routes/auth.js
FN:10,(anonymous_0)
FN:49,(anonymous_1)
FNF:2
FNH:0
FNDA:0,(anonymous_0)
FNDA:0,(anonymous_1)
DA:1,1
DA:2,1
DA:3,1
DA:4,1
DA:5,1
DA:7,1
DA:10,1
DA:11,0
DA:12,0
DA:14,0
DA:15,0
DA:18,0
DA:19,0
DA:22,0
DA:23,0
DA:25,0
DA:26,0
DA:29,0
DA:31,0
DA:38,0
DA:40,0
DA:43,0
DA:44,0
DA:49,1
DA:50,0
DA:51,0
DA:53,0
DA:54,0
DA:57,0
DA:58,0
DA:60,0
DA:61,0
DA:64,0
DA:65,0
DA:67,0
DA:68,0
DA:69,0
DA:72,0
DA:78,0
DA:81,0
DA:82,0
DA:86,1
LF:42
LH:9
BRDA:7,0,0,1
BRDA:7,0,1,1
BRDA:14,1,0,0
BRDA:14,1,1,0
BRDA:14,2,0,0
BRDA:14,2,1,0
BRDA:19,3,0,0
BRDA:19,3,1,0
BRDA:25,4,0,0
BRDA:25,4,1,0
BRDA:53,5,0,0
BRDA:53,5,1,0
BRDA:53,6,0,0
BRDA:53,6,1,0
BRDA:60,7,0,0
BRDA:60,7,1,0
BRDA:68,8,0,0
BRDA:68,8,1,0
BRF:18
BRH:2
end_of_record
TN:
SF:routes/chef_orders.js
FN:5,(anonymous_0)
FN:13,(anonymous_1)
FN:21,(anonymous_2)
FNF:3
FNH:3
FNDA:3,(anonymous_0)
FNDA:1,(anonymous_1)
FNDA:8,(anonymous_2)
DA:1,1
DA:2,1
DA:3,1
DA:5,1
DA:6,3
DA:7,3
DA:8,3
DA:9,1
DA:12,2
DA:13,1
DA:15,1
DA:17,1
DA:21,1
DA:22,8
DA:23,8
DA:24,8
DA:26,8
DA:27,1
DA:30,7
DA:31,7
DA:32,1
DA:35,6
DA:36,6
DA:38,5
DA:39,1
DA:42,4
DA:43,4
DA:44,1
DA:48,3
DA:49,3
DA:50,1
DA:52,2
DA:53,1
DA:56,1
DA:61,1
DA:63,1
DA:65,1
DA:69,1
LF:38
LH:38
BRDA:8,0,0,1
BRDA:8,0,1,2
BRDA:26,1,0,1
BRDA:26,1,1,7
BRDA:31,2,0,1
BRDA:31,2,1,6
BRDA:31,3,0,7
BRDA:31,3,1,7
BRDA:38,4,0,1
BRDA:38,4,1,4
BRDA:43,5,0,1
BRDA:43,5,1,3
BRDA:49,6,0,1
BRDA:49,6,1,2
BRDA:52,7,0,1
BRDA:52,7,1,1
BRDA:52,8,0,2
BRDA:52,8,1,1
BRF:18
BRH:18
end_of_record
TN:
SF:routes/customer.js
FN:5,(anonymous_0)
FN:15,(anonymous_1)
FN:19,(anonymous_2)
FN:28,(anonymous_3)
FN:42,(anonymous_4)
FNF:5
FNH:0
FNDA:0,(anonymous_0)
FNDA:0,(anonymous_1)
FNDA:0,(anonymous_2)
FNDA:0,(anonymous_3)
FNDA:0,(anonymous_4)
DA:1,1
DA:2,1
DA:3,1
DA:5,1
DA:6,0
DA:7,0
DA:8,0
DA:10,0
DA:11,0
DA:14,0
DA:15,0
DA:17,0
DA:18,0
DA:19,0
DA:22,0
DA:24,0
DA:28,1
DA:29,0
DA:30,0
DA:32,0
DA:33,0
DA:36,0
DA:37,0
DA:38,0
DA:42,0
DA:43,0
DA:45,0
DA:46,0
DA:48,0
DA:49,0
DA:50,0
DA:51,0
DA:54,0
DA:55,0
DA:57,0
DA:58,0
DA:59,0
DA:60,0
DA:67,0
DA:68,0
DA:71,0
DA:77,0
DA:78,0
DA:79,0
DA:82,0
DA:83,0
DA:84,0
DA:85,0
DA:86,0
DA:88,0
DA:102,0
DA:106,1
LF:52
LH:6
BRDA:10,0,0,0
BRDA:10,0,1,0
BRDA:17,1,0,0
BRDA:17,1,1,0
BRDA:19,2,0,0
BRDA:19,2,1,0
BRDA:32,3,0,0
BRDA:32,3,1,0
BRDA:32,4,0,0
BRDA:32,4,1,0
BRDA:32,4,2,0
BRDA:37,5,0,0
BRDA:37,5,1,0
BRDA:37,6,0,0
BRDA:37,6,1,0
BRDA:37,6,2,0
BRDA:37,6,3,0
BRDA:50,7,0,0
BRDA:50,7,1,0
BRDA:57,8,0,0
BRDA:57,8,1,0
BRDA:59,9,0,0
BRDA:59,9,1,0
BRDA:67,10,0,0
BRDA:67,10,1,0
BRDA:83,11,0,0
BRDA:83,11,1,0
BRDA:86,12,0,0
BRDA:86,12,1,0
BRF:29
BRH:0
end_of_record
TN:
SF:routes/foods.js
FN:6,(anonymous_0)
FN:52,(anonymous_1)
FN:64,(anonymous_2)
FN:79,(anonymous_3)
FN:101,(anonymous_4)
FN:147,(anonymous_5)
FNF:6
FNH:0
FNDA:0,(anonymous_0)
FNDA:0,(anonymous_1)
FNDA:0,(anonymous_2)
FNDA:0,(anonymous_3)
FNDA:0,(anonymous_4)
FNDA:0,(anonymous_5)
DA:1,1
DA:2,1
DA:3,1
DA:6,1
DA:7,0
DA:8,0
DA:10,0
DA:11,0
DA:14,0
DA:15,0
DA:18,0
DA:19,0
DA:22,0
DA:23,0
DA:35,0
DA:37,0
DA:46,0
DA:47,0
DA:52,1
DA:53,0
DA:54,0
DA:55,0
DA:57,0
DA:58,0
DA:61,0
DA:62,0
DA:64,0
DA:65,0
DA:71,0
DA:73,0
DA:74,0
DA:79,1
DA:80,0
DA:81,0
DA:82,0
DA:84,0
DA:85,0
DA:88,0
DA:95,0
DA:96,0
DA:101,1
DA:102,0
DA:103,0
DA:104,0
DA:106,0
DA:107,0
DA:110,0
DA:112,0
DA:113,0
DA:116,0
DA:117,0
DA:120,0
DA:121,0
DA:124,0
DA:134,0
DA:136,0
DA:141,0
DA:142,0
DA:147,1
DA:148,0
DA:149,0
DA:150,0
DA:152,0
DA:153,0
DA:156,0
DA:158,0
DA:162,0
DA:163,0
DA:167,1
LF:69
LH:9
BRDA:10,0,0,0
BRDA:10,0,1,0
BRDA:10,1,0,0
BRDA:10,1,1,0
BRDA:10,1,2,0
BRDA:14,2,0,0
BRDA:14,2,1,0
BRDA:14,3,0,0
BRDA:14,3,1,0
BRDA:14,3,2,0
BRDA:14,3,3,0
BRDA:14,3,4,0
BRDA:14,3,5,0
BRDA:18,4,0,0
BRDA:18,4,1,0
BRDA:18,5,0,0
BRDA:18,5,1,0
BRDA:18,5,2,0
BRDA:18,5,3,0
BRDA:18,5,4,0
BRDA:18,5,5,0
BRDA:25,6,0,0
BRDA:25,6,1,0
BRDA:28,7,0,0
BRDA:28,7,1,0
BRDA:29,8,0,0
BRDA:29,8,1,0
BRDA:30,9,0,0
BRDA:30,9,1,0
BRDA:30,9,2,0
BRDA:57,10,0,0
BRDA:57,10,1,0
BRDA:84,11,0,0
BRDA:84,11,1,0
BRDA:106,12,0,0
BRDA:106,12,1,0
BRDA:112,13,0,0
BRDA:112,13,1,0
BRDA:112,14,0,0
BRDA:112,14,1,0
BRDA:112,14,2,0
BRDA:116,15,0,0
BRDA:116,15,1,0
BRDA:116,16,0,0
BRDA:116,16,1,0
BRDA:116,16,2,0
BRDA:116,16,3,0
BRDA:116,16,4,0
BRDA:116,16,5,0
BRDA:120,17,0,0
BRDA:120,17,1,0
BRDA:120,18,0,0
BRDA:120,18,1,0
BRDA:120,18,2,0
BRDA:120,18,3,0
BRDA:120,18,4,0
BRDA:120,18,5,0
BRDA:125,19,0,0
BRDA:125,19,1,0
BRDA:126,20,0,0
BRDA:126,20,1,0
BRDA:126,21,0,0
BRDA:126,21,1,0
BRDA:127,22,0,0
BRDA:127,22,1,0
BRDA:128,23,0,0
BRDA:128,23,1,0
BRDA:129,24,0,0
BRDA:129,24,1,0
BRDA:129,25,0,0
BRDA:129,25,1,0
BRDA:130,26,0,0
BRDA:130,26,1,0
BRDA:130,27,0,0
BRDA:130,27,1,0
BRDA:152,28,0,0
BRDA:152,28,1,0
BRF:77
BRH:0
end_of_record
TN:
SF:routes/orders.js
FN:5,(anonymous_0)
FN:22,(anonymous_1)
FN:105,(anonymous_2)
FN:113,(anonymous_3)
FNF:4
FNH:4
FNDA:9,(anonymous_0)
FNDA:7,(anonymous_1)
FNDA:3,(anonymous_2)
FNDA:1,(anonymous_3)
DA:1,1
DA:2,1
DA:3,1
DA:5,1
DA:6,9
DA:7,9
DA:9,9
DA:10,1
DA:12,8
DA:13,1
DA:16,7
DA:17,8
DA:18,1
DA:22,7
DA:23,6
DA:25,5
DA:26,5
DA:28,5
DA:29,6
DA:30,6
DA:31,1
DA:34,5
DA:35,5
DA:37,5
DA:38,4
DA:39,1
DA:40,1
DA:47,4
DA:48,1
DA:51,3
DA:59,2
DA:60,2
DA:61,2
DA:64,2
DA:65,2
DA:66,2
DA:67,2
DA:70,2
DA:71,2
DA:86,2
DA:87,2
DA:89,2
DA:90,2
DA:93,2
DA:94,2
DA:97,2
DA:99,2
DA:101,1
DA:105,1
DA:106,3
DA:107,3
DA:108,3
DA:109,1
DA:112,2
DA:113,1
DA:115,1
DA:117,1
DA:121,1
LF:58
LH:58
BRDA:9,0,0,1
BRDA:9,0,1,8
BRDA:12,1,0,1
BRDA:12,1,1,7
BRDA:12,2,0,8
BRDA:12,2,1,8
BRDA:12,2,2,8
BRDA:17,3,0,1
BRDA:17,3,1,7
BRDA:17,4,0,8
BRDA:17,4,1,8
BRDA:17,4,2,7
BRDA:17,4,3,7
BRDA:30,5,0,1
BRDA:30,5,1,5
BRDA:37,6,0,4
BRDA:37,6,1,1
BRDA:39,7,0,1
BRDA:39,7,1,0
BRDA:47,8,0,1
BRDA:47,8,1,3
BRDA:65,9,0,1
BRDA:65,9,1,1
BRDA:108,10,0,1
BRDA:108,10,1,2
BRF:25
BRH:24
end_of_record
